[2026-01-29T16:10:01.925Z] GET /lists 401 5ms
[2026-01-29T16:10:01.936Z] GET /lists 401 1ms
[2026-01-29T16:10:32.387Z] POST /auth/register 201 127ms
[2026-01-29T16:10:43.675Z] POST /auth/login 200 98ms
[2026-01-29T16:10:43.720Z] GET /auth/profile 200 39ms
[2026-01-29T16:10:43.793Z] GET /lists 200 40ms
[2026-01-29T16:10:43.795Z] GET /alerts 200 44ms
[2026-01-29T16:10:43.835Z] GET /lists 304 42ms
[2026-01-29T16:10:43.836Z] GET /alerts 304 39ms
[2026-01-29T16:10:52.079Z] GET /news/search?q=tecnologia 200 1388ms
[2026-01-29T16:10:56.872Z] GET /alerts 304 36ms
[2026-01-29T16:10:56.873Z] GET /lists 304 37ms
[2026-01-29T16:10:56.912Z] GET /lists 304 38ms
[2026-01-29T16:10:57.011Z] GET /alerts 304 138ms
[2026-01-29T16:10:59.838Z] GET /alerts 304 36ms
[2026-01-29T16:10:59.841Z] GET /lists 304 38ms
[2026-01-29T16:10:59.876Z] GET /alerts 304 37ms
[2026-01-29T16:10:59.878Z] GET /lists 304 36ms
[2026-01-29T16:11:07.949Z] GET /news/search?q=tecnologia 304 270ms
[2026-01-29T16:13:25.940Z] GET /alerts 304 38ms
[2026-01-29T16:13:25.941Z] GET /monitoring/stats 500 39ms
[2026-01-29T16:13:25.985Z] GET /alerts 304 44ms
[2026-01-29T16:13:25.985Z] GET /monitoring/stats 500 43ms
[2026-01-29T16:13:27.854Z] GET /alerts 304 38ms
[2026-01-29T16:13:27.855Z] GET /lists 304 34ms
[2026-01-29T16:13:27.889Z] GET /alerts 304 34ms
[2026-01-29T16:13:27.993Z] GET /lists 304 137ms
[2026-01-29T16:13:28.732Z] GET /alerts 304 37ms
[2026-01-29T16:13:28.732Z] GET /lists 304 36ms
[2026-01-29T16:13:28.768Z] GET /alerts 304 35ms
[2026-01-29T16:13:28.771Z] GET /lists 304 38ms
[2026-01-29T16:13:34.003Z] GET /news/search?q=trecnologia 200 766ms
[2026-01-29T16:13:39.270Z] GET /news/search?q=tecnolog%C3%ADa 200 915ms
[2026-01-29T16:13:45.825Z] GET /alerts 304 35ms
[2026-01-29T16:13:45.828Z] GET /lists 304 38ms
[2026-01-29T16:13:45.862Z] GET /alerts 304 37ms
[2026-01-29T16:13:45.865Z] GET /lists 304 36ms
[2026-01-29T16:13:52.810Z] POST /lists 201 35ms
[2026-01-29T16:13:52.849Z] GET /lists 200 35ms
[2026-01-29T16:13:54.307Z] GET /lists 304 37ms
[2026-01-29T16:13:54.310Z] GET /alerts 304 36ms
[2026-01-29T16:13:54.343Z] GET /lists 304 36ms
[2026-01-29T16:13:54.348Z] GET /alerts 304 37ms
[2026-01-29T16:14:00.347Z] GET /news/search?q=tecnologia 304 1206ms
[2026-01-29T16:14:04.001Z] POST /lists/3/news 201 57ms
[2026-01-29T16:14:06.774Z] GET /alerts 304 34ms
[2026-01-29T16:14:06.808Z] GET /alerts 304 33ms
[2026-01-29T16:14:06.875Z] GET /lists 304 134ms
[2026-01-29T16:14:06.908Z] GET /lists 304 32ms
[2026-01-29T16:14:07.533Z] GET /lists/3/news 200 42ms
[2026-01-29T16:14:08.838Z] GET /alerts 304 38ms
[2026-01-29T16:14:08.872Z] GET /alerts 304 34ms
[2026-01-29T16:14:08.908Z] GET /alerts 304 35ms
[2026-01-29T16:14:08.942Z] GET /alerts 304 33ms
[2026-01-29T16:14:13.036Z] GET /alerts 304 35ms
[2026-01-29T16:14:13.038Z] GET /monitoring/stats 500 36ms
[2026-01-29T16:14:13.076Z] GET /alerts 304 39ms
[2026-01-29T16:14:13.083Z] GET /monitoring/stats 500 43ms
[2026-01-29T16:14:21.888Z] GET /lists 304 35ms
[2026-01-29T16:14:21.921Z] GET /lists 304 33ms
[2026-01-29T16:14:21.986Z] GET /alerts 304 134ms
[2026-01-29T16:14:22.121Z] GET /alerts 304 134ms
[2026-01-29T16:14:22.865Z] GET /alerts 304 136ms
[2026-01-29T16:14:22.899Z] GET /alerts 304 34ms
[2026-01-29T16:14:22.933Z] GET /alerts 304 34ms
[2026-01-29T16:14:22.967Z] GET /alerts 304 34ms
[2026-01-29T16:14:23.324Z] GET /alerts 304 35ms
[2026-01-29T16:14:23.328Z] GET /lists 304 38ms
[2026-01-29T16:14:23.364Z] GET /alerts 304 39ms
[2026-01-29T16:14:23.364Z] GET /lists 304 36ms
[2026-01-29T16:14:24.174Z] GET /lists 304 36ms
[2026-01-29T16:14:24.175Z] GET /alerts 304 38ms
[2026-01-29T16:14:24.210Z] GET /lists 304 35ms
[2026-01-29T16:14:24.212Z] GET /alerts 304 36ms
[2026-01-29T16:14:29.779Z] GET /news/search?q=herman 200 381ms
[2026-01-29T16:14:33.475Z] GET /news/search?q=salala 200 218ms
[2026-01-29T16:14:40.234Z] GET /alerts 304 33ms
[2026-01-29T16:14:40.268Z] GET /alerts 304 33ms
[2026-01-29T16:14:40.303Z] GET /alerts 304 34ms
[2026-01-29T16:14:40.337Z] GET /alerts 304 33ms
[2026-01-29T16:14:44.838Z] GET /alerts 304 36ms
[2026-01-29T16:14:44.838Z] GET /lists 304 32ms
[2026-01-29T16:14:44.874Z] GET /alerts 304 35ms
[2026-01-29T16:14:44.978Z] GET /lists 304 139ms
[2026-01-29T16:14:45.236Z] GET /alerts 304 35ms
[2026-01-29T16:14:45.240Z] GET /lists 304 38ms
[2026-01-29T16:14:45.272Z] GET /alerts 304 35ms
[2026-01-29T16:14:45.275Z] GET /lists 304 34ms
[2026-01-29T16:14:46.325Z] GET /alerts 304 38ms
[2026-01-29T16:14:46.326Z] GET /monitoring/stats 500 36ms
[2026-01-29T16:14:46.369Z] GET /alerts 304 42ms
[2026-01-29T16:14:46.372Z] GET /monitoring/stats 500 44ms
[2026-01-29T16:14:47.351Z] GET /alerts 304 33ms
[2026-01-29T16:14:47.384Z] GET /alerts 304 32ms
[2026-01-29T16:14:51.151Z] PUT /auth/profile 200 37ms
[2026-01-29T16:14:51.196Z] GET /alerts 304 34ms
[2026-01-29T16:14:53.619Z] GET /alerts 304 44ms
[2026-01-29T16:14:53.624Z] GET /lists 304 41ms
[2026-01-29T16:14:53.661Z] GET /alerts 304 41ms
[2026-01-29T16:14:53.663Z] GET /lists 304 39ms
[2026-01-29T16:14:57.115Z] GET /news/search?q=tecnologia 304 423ms
[2026-01-29T16:14:59.043Z] GET /alerts 304 35ms
[2026-01-29T16:14:59.076Z] GET /alerts 304 33ms
[2026-01-29T16:15:03.270Z] PUT /auth/profile 200 33ms
[2026-01-29T16:15:03.316Z] GET /alerts 304 35ms
[2026-01-29T16:15:04.638Z] GET /alerts 304 41ms
[2026-01-29T16:15:04.676Z] GET /alerts 304 37ms
[2026-01-29T16:15:04.712Z] GET /alerts 304 35ms
[2026-01-29T16:15:04.749Z] GET /alerts 304 36ms
[2026-01-29T16:15:04.996Z] GET /monitoring/stats 500 38ms
[2026-01-29T16:15:04.997Z] GET /alerts 304 41ms
[2026-01-29T16:15:05.037Z] GET /monitoring/stats 500 39ms
[2026-01-29T16:15:05.139Z] GET /alerts 304 141ms
[2026-01-29T16:15:06.195Z] GET /alerts 304 34ms
[2026-01-29T16:15:06.330Z] GET /alerts 304 134ms
[2026-01-29T16:15:06.365Z] GET /alerts 304 34ms
[2026-01-29T16:15:06.398Z] GET /alerts 304 32ms
[2026-01-29T16:16:07.010Z] GET /alerts 304 39ms
[2026-01-29T16:16:07.014Z] GET /monitoring/stats 500 42ms
[2026-01-29T16:16:07.050Z] GET /alerts 304 39ms
[2026-01-29T16:16:07.054Z] GET /monitoring/stats 500 39ms
[2026-01-29T16:16:07.698Z] GET /alerts 304 41ms
[2026-01-29T16:16:07.699Z] GET /lists 304 39ms
[2026-01-29T16:16:07.735Z] GET /alerts 304 37ms
[2026-01-29T16:16:07.737Z] GET /lists 304 37ms
[2026-01-29T16:16:08.405Z] GET /lists 304 37ms
[2026-01-29T16:16:08.437Z] GET /lists 304 32ms
[2026-01-29T16:16:08.500Z] GET /alerts 304 133ms
[2026-01-29T16:16:08.533Z] GET /alerts 304 32ms
[2026-01-29T16:16:10.058Z] GET /alerts 304 33ms
[2026-01-29T16:16:10.090Z] GET /alerts 304 31ms
[2026-01-29T16:16:19.034Z] PUT /auth/profile 200 34ms
[2026-01-29T16:16:19.082Z] GET /alerts 304 33ms
[2026-01-29T16:16:28.924Z] POST /auth/login 200 86ms
[2026-01-29T16:16:28.968Z] GET /auth/profile 200 36ms
[2026-01-29T16:16:29.038Z] GET /alerts 304 37ms
[2026-01-29T16:16:29.039Z] GET /lists 304 36ms
[2026-01-29T16:16:29.078Z] GET /lists 304 37ms
[2026-01-29T16:16:29.078Z] GET /alerts 304 40ms
[2026-01-29T16:16:30.700Z] GET /alerts 304 32ms
[2026-01-29T16:16:30.733Z] GET /alerts 304 32ms
[2026-02-03T18:02:50.574Z] GET /auth/profile 403 8ms
[2026-02-03T18:02:50.582Z] GET /auth/profile 403 2ms
[2026-02-03T18:02:50.629Z] GET /lists 401 1ms
[2026-02-03T18:02:50.632Z] GET /lists 401 1ms
[2026-02-03T18:02:57.584Z] POST /auth/login 200 121ms
[2026-02-03T18:02:57.626Z] GET /auth/profile 200 35ms
[2026-02-03T18:02:57.701Z] GET /alerts 200 47ms
[2026-02-03T18:02:57.700Z] GET /lists 200 45ms
[2026-02-03T18:02:57.748Z] GET /lists 304 47ms
[2026-02-03T18:02:57.749Z] GET /alerts 304 47ms
[2026-02-03T18:03:05.226Z] GET /news/search?q=gualeguaychu 200 359ms
[2026-02-03T18:03:06.303Z] POST /alerts 200 64ms
[2026-02-03T18:03:10.370Z] GET /alerts 200 36ms
[2026-02-03T18:03:10.407Z] GET /alerts 304 36ms
[2026-02-03T18:03:10.444Z] GET /alerts 304 36ms
[2026-02-03T18:03:10.479Z] GET /alerts 304 34ms
[2026-02-03T18:49:56.586Z] GET /lists 401 5ms
[2026-02-03T18:49:56.597Z] GET /lists 401 1ms
[2026-02-03T18:50:14.300Z] POST /auth/register 201 92ms
[2026-02-03T18:50:22.810Z] POST /auth/login 200 90ms
[2026-02-03T18:50:22.855Z] GET /auth/profile 200 38ms
[2026-02-03T18:50:22.962Z] GET /alerts 304 44ms
[2026-02-03T18:50:22.963Z] GET /lists 200 44ms
[2026-02-03T18:50:23.004Z] GET /alerts 304 40ms
[2026-02-03T18:50:23.007Z] GET /lists 304 42ms
[2026-02-03T18:50:32.627Z] POST /alerts 200 36ms
[2026-02-03T18:50:34.262Z] GET /alerts 200 36ms
[2026-02-03T18:50:34.267Z] GET /alerts/subscriptions 200 37ms
[2026-02-03T18:50:34.301Z] GET /alerts 304 38ms
[2026-02-03T18:50:34.308Z] GET /alerts/subscriptions 304 40ms
[2026-02-03T18:50:34.344Z] GET /alerts 304 42ms
[2026-02-03T18:50:34.379Z] GET /alerts 304 34ms
[2026-02-03T18:50:38.055Z] DELETE /alerts/subscriptions/7 200 56ms
[2026-02-03T18:50:46.441Z] POST /auth/login 200 87ms
[2026-02-03T18:50:46.483Z] GET /auth/profile 304 35ms
[2026-02-03T18:50:46.579Z] GET /alerts 304 38ms
[2026-02-03T18:50:46.583Z] GET /lists 304 41ms
[2026-02-03T18:50:46.627Z] GET /alerts 304 47ms
[2026-02-03T18:50:46.727Z] GET /lists 304 143ms
[2026-02-03T18:50:49.422Z] GET /alerts 304 37ms
[2026-02-03T18:50:49.459Z] GET /alerts 304 36ms
[2026-02-03T18:50:49.525Z] GET /monitoring/stats 500 135ms
[2026-02-03T18:50:49.563Z] GET /monitoring/stats 500 37ms
[2026-02-03T18:50:51.459Z] GET /alerts 304 38ms
[2026-02-03T18:50:51.460Z] GET /alerts/subscriptions 200 32ms
[2026-02-03T18:50:51.497Z] GET /alerts 304 37ms
[2026-02-03T18:50:51.498Z] GET /alerts/subscriptions 304 37ms
[2026-02-03T18:50:51.535Z] GET /alerts 304 37ms
[2026-02-03T18:50:51.570Z] GET /alerts 304 35ms
[2026-02-03T18:50:51.986Z] GET /alerts 304 35ms
[2026-02-03T18:50:51.989Z] GET /lists 304 37ms
[2026-02-03T18:50:52.024Z] GET /alerts 304 38ms
[2026-02-03T18:50:52.029Z] GET /lists 304 37ms
[2026-02-03T18:50:52.885Z] GET /alerts 304 36ms
[2026-02-03T18:50:52.886Z] GET /lists 304 36ms
[2026-02-03T18:50:52.925Z] GET /alerts 304 39ms
[2026-02-03T18:50:52.927Z] GET /lists 304 40ms
[2026-02-03T18:50:53.342Z] GET /alerts 304 37ms
[2026-02-03T18:50:53.342Z] GET /lists 304 37ms
[2026-02-03T18:50:53.379Z] GET /alerts 304 37ms
[2026-02-03T18:50:53.381Z] GET /lists 304 38ms
[2026-02-03T18:50:53.923Z] GET /alerts 304 35ms
[2026-02-03T18:50:53.927Z] GET /lists 304 38ms
[2026-02-03T18:50:53.961Z] GET /alerts 304 37ms
[2026-02-03T18:50:53.963Z] GET /lists 304 35ms
[2026-02-03T18:50:57.050Z] POST /alerts 200 34ms
[2026-02-03T18:50:59.081Z] GET /alerts 200 38ms
[2026-02-03T18:50:59.085Z] GET /alerts/subscriptions 200 37ms
[2026-02-03T18:50:59.121Z] GET /alerts 304 39ms
[2026-02-03T18:50:59.121Z] GET /alerts/subscriptions 304 36ms
[2026-02-03T18:50:59.158Z] GET /alerts 304 36ms
[2026-02-03T18:50:59.193Z] GET /alerts 304 34ms
[2026-02-03T18:51:00.826Z] GET /alerts 304 34ms
[2026-02-03T18:51:00.861Z] GET /alerts 304 34ms
[2026-02-03T18:51:06.398Z] PUT /auth/profile 200 35ms
[2026-02-03T18:51:06.447Z] GET /alerts 304 34ms
[2026-02-03T18:51:09.172Z] GET /lists 304 32ms
[2026-02-03T18:51:09.173Z] GET /alerts 304 38ms
[2026-02-03T18:51:09.209Z] GET /lists 304 36ms
[2026-02-03T18:51:09.214Z] GET /alerts 304 40ms
[2026-02-03T18:51:09.791Z] GET /alerts 304 36ms
[2026-02-03T18:51:09.791Z] GET /lists 304 36ms
[2026-02-03T18:51:09.829Z] GET /alerts 304 37ms
[2026-02-03T18:51:09.829Z] GET /lists 304 37ms
[2026-02-03T18:51:10.087Z] GET /alerts 304 37ms
[2026-02-03T18:51:10.090Z] GET /lists 304 39ms
[2026-02-03T18:51:10.126Z] GET /alerts 304 38ms
[2026-02-03T18:51:10.130Z] GET /lists 304 39ms
[2026-02-03T18:51:14.861Z] GET /news/search?q=tecnologia 200 1365ms
[2026-02-03T18:51:23.760Z] GET /alerts 304 36ms
[2026-02-03T18:51:23.761Z] GET /lists 304 36ms
[2026-02-03T18:51:23.799Z] GET /alerts 304 38ms
[2026-02-03T18:51:23.904Z] GET /lists 304 142ms
[2026-02-03T18:51:26.781Z] GET /alerts 304 37ms
[2026-02-03T18:51:26.786Z] GET /alerts/subscriptions 304 36ms
[2026-02-03T18:51:26.819Z] GET /alerts 304 38ms
[2026-02-03T18:51:26.827Z] GET /alerts/subscriptions 304 40ms
[2026-02-03T18:51:26.857Z] GET /alerts 304 37ms
[2026-02-03T18:51:26.894Z] GET /alerts 304 37ms
[2026-02-03T18:51:27.271Z] GET /alerts 304 36ms
[2026-02-03T18:51:27.307Z] GET /alerts 304 36ms
[2026-02-03T18:51:27.375Z] GET /monitoring/stats 500 137ms
[2026-02-03T18:51:27.417Z] GET /monitoring/stats 500 42ms
[2026-02-03T18:56:35.548Z] GET /auth/profile 200 59ms
[2026-02-03T18:56:35.594Z] GET /auth/profile 304 45ms
[2026-02-03T18:56:35.624Z] GET /alerts 304 4ms
[2026-02-03T18:56:35.625Z] GET /lists 304 3ms
[2026-02-03T18:56:35.628Z] GET /lists 304 2ms
[2026-02-03T18:56:35.664Z] GET /alerts 304 39ms
[2026-02-03T18:56:35.667Z] GET /alerts 304 2ms
[2026-02-03T18:56:45.936Z] POST /auth/login 200 189ms
[2026-02-03T18:56:45.944Z] GET /auth/profile 304 1ms
[2026-02-03T18:56:46.007Z] GET /alerts 304 3ms
[2026-02-03T18:56:46.055Z] GET /lists 304 50ms
[2026-02-03T18:56:46.055Z] GET /alerts 304 47ms
[2026-02-03T18:56:46.057Z] GET /lists 304 1ms
[2026-02-03T18:56:49.680Z] GET /alerts 304 2ms
[2026-02-03T18:56:49.683Z] GET /alerts 304 2ms
[2026-02-03T18:56:49.690Z] GET /monitoring/stats 200 4ms
[2026-02-03T18:56:49.693Z] GET /monitoring/stats 200 2ms
[2026-02-03T18:56:59.353Z] GET /monitoring/logs/access 200 4ms
[2026-02-03T18:57:06.371Z] GET /alerts 304 2ms
[2026-02-03T18:57:06.405Z] GET /alerts 304 34ms
[2026-02-03T18:57:07.635Z] GET /alerts 304 2ms
[2026-02-03T18:57:07.637Z] GET /alerts 304 2ms
[2026-02-03T18:57:07.641Z] GET /lists 304 2ms
[2026-02-03T18:57:07.676Z] GET /lists 304 35ms
[2026-02-03T18:57:12.285Z] GET /monitoring/stats 200 2ms
[2026-02-03T18:57:12.468Z] GET /auth/profile 304 2ms
[2026-02-03T18:57:12.471Z] GET /auth/profile 304 2ms
[2026-02-03T18:57:12.495Z] GET /monitoring/stats 200 2ms
[2026-02-03T18:57:12.497Z] GET /monitoring/stats 200 2ms
[2026-02-03T18:57:12.498Z] GET /alerts 304 1ms
[2026-02-03T18:57:12.500Z] GET /alerts 304 2ms
[2026-02-03T18:57:12.502Z] GET /alerts 304 1ms
[2026-02-03T18:57:42.527Z] GET /monitoring/stats 200 37ms
[2026-02-03T18:58:12.794Z] GET /monitoring/stats 200 39ms
[2026-02-03T18:58:42.791Z] GET /monitoring/stats 200 35ms
[2026-02-03T18:58:43.317Z] GET /monitoring/stats 200 1ms
[2026-02-03T18:58:43.320Z] GET /monitoring/stats 200 1ms
[2026-02-03T18:58:43.323Z] GET /alerts 304 2ms
[2026-02-03T18:58:43.367Z] GET /alerts 304 43ms
[2026-02-03T18:58:47.803Z] GET /alerts 304 2ms
[2026-02-03T18:58:47.806Z] GET /alerts 304 2ms
[2026-02-03T18:58:47.807Z] GET /alerts/subscriptions 304 1ms
[2026-02-03T18:58:47.847Z] GET /alerts/subscriptions 304 39ms
[2026-02-03T18:58:47.847Z] GET /alerts 304 40ms
[2026-02-03T18:58:47.849Z] GET /alerts 304 1ms
[2026-02-03T18:58:48.314Z] GET /alerts 304 1ms
[2026-02-03T18:58:48.316Z] GET /alerts 304 1ms
[2026-02-03T18:58:48.320Z] GET /monitoring/stats 200 2ms
[2026-02-03T18:58:48.323Z] GET /monitoring/stats 200 2ms
[2026-02-03T18:58:49.202Z] GET /alerts/subscriptions 304 1ms
[2026-02-03T18:58:49.205Z] GET /alerts/subscriptions 304 2ms
[2026-02-03T18:58:49.209Z] GET /alerts 304 1ms
[2026-02-03T18:58:49.210Z] GET /alerts 304 1ms
[2026-02-03T18:58:49.212Z] GET /alerts 304 1ms
[2026-02-03T18:58:49.253Z] GET /alerts 304 40ms
[2026-02-03T18:58:49.929Z] GET /alerts 304 1ms
[2026-02-03T18:58:49.931Z] GET /monitoring/stats 200 2ms
[2026-02-03T18:58:49.931Z] GET /alerts 304 1ms
[2026-02-03T18:58:49.934Z] GET /monitoring/stats 200 3ms
[2026-02-03T18:58:50.752Z] GET /alerts 304 2ms
[2026-02-03T18:58:50.753Z] GET /alerts/subscriptions 304 2ms
[2026-02-03T18:58:50.754Z] GET /alerts 304 1ms
[2026-02-03T18:58:50.755Z] GET /alerts/subscriptions 304 1ms
[2026-02-03T18:58:50.756Z] GET /alerts 304 1ms
[2026-02-03T18:58:50.758Z] GET /alerts 304 1ms
[2026-02-03T18:58:51.029Z] GET /alerts 304 1ms
[2026-02-03T18:58:51.030Z] GET /monitoring/stats 200 2ms
[2026-02-03T18:58:51.031Z] GET /alerts 304 2ms
[2026-02-03T18:58:51.032Z] GET /monitoring/stats 200 1ms
[2026-02-03T18:58:51.779Z] GET /alerts 304 1ms
[2026-02-03T18:58:51.780Z] GET /alerts/subscriptions 304 1ms
[2026-02-03T18:58:51.782Z] GET /alerts 304 2ms
[2026-02-03T18:58:51.782Z] GET /alerts/subscriptions 304 1ms
[2026-02-03T18:58:51.783Z] GET /alerts 304 1ms
[2026-02-03T18:58:51.785Z] GET /alerts 304 1ms
[2026-02-03T18:58:52.038Z] GET /alerts 304 1ms
[2026-02-03T18:58:52.040Z] GET /monitoring/stats 200 2ms
[2026-02-03T18:58:52.040Z] GET /alerts 304 1ms
[2026-02-03T18:58:52.042Z] GET /monitoring/stats 200 1ms
[2026-02-03T18:59:02.308Z] GET /alerts 304 37ms
[2026-02-03T18:59:02.311Z] GET /alerts/subscriptions 304 39ms
[2026-02-03T18:59:02.314Z] GET /alerts/subscriptions 304 3ms
[2026-02-03T18:59:02.347Z] GET /alerts 304 38ms
[2026-02-03T18:59:02.348Z] GET /alerts 304 0ms
[2026-02-03T18:59:02.350Z] GET /alerts 304 1ms
[2026-02-03T18:59:05.409Z] DELETE /alerts/subscriptions/8 200 2ms
[2026-02-03T18:59:06.352Z] GET /alerts 304 2ms
[2026-02-03T18:59:06.353Z] GET /alerts 304 1ms
[2026-02-03T18:59:06.356Z] GET /monitoring/stats 200 2ms
[2026-02-03T18:59:06.358Z] GET /monitoring/stats 304 2ms
[2026-02-03T18:59:12.757Z] GET /monitoring/stats 200 2ms
[2026-02-03T18:59:36.386Z] GET /monitoring/stats 200 44ms
[2026-02-03T18:59:42.758Z] GET /monitoring/stats 200 2ms
[2026-02-03T19:06:56.092Z] GET /auth/profile 200 53ms
[2026-02-03T19:06:56.132Z] GET /auth/profile 304 39ms
[2026-02-03T19:06:56.163Z] GET /alerts 304 2ms
[2026-02-03T19:06:56.164Z] GET /lists 304 2ms
[2026-02-03T19:06:56.167Z] GET /lists 304 2ms
[2026-02-03T19:06:56.211Z] GET /alerts 304 47ms
[2026-02-03T19:06:56.212Z] GET /alerts 304 1ms
[2026-02-03T19:06:58.742Z] GET /alerts 304 1ms
[2026-02-03T19:06:58.744Z] GET /alerts 304 1ms
[2026-02-03T19:07:04.054Z] PUT /auth/profile 200 3ms
[2026-02-03T19:07:04.069Z] GET /alerts 304 1ms
[2026-02-03T19:07:05.619Z] GET /alerts 304 1ms
[2026-02-03T19:07:05.622Z] GET /alerts 304 1ms
[2026-02-03T19:07:05.625Z] GET /lists 304 1ms
[2026-02-03T19:07:05.627Z] GET /lists 304 1ms
[2026-02-03T19:07:09.622Z] GET /news/search?q=tecnologia 200 1265ms
[2026-02-03T19:07:20.810Z] GET /monitoring/stats 200 41ms
[2026-02-03T19:07:20.845Z] GET /monitoring/stats 200 34ms
[2026-02-03T19:07:47.123Z] GET /alerts 304 40ms
[2026-02-03T19:07:47.131Z] GET /monitoring/stats 200 47ms
[2026-02-03T19:07:47.134Z] GET /monitoring/stats 304 3ms
[2026-02-03T19:07:47.165Z] GET /alerts 304 41ms
[2026-02-03T19:07:48.640Z] GET /alerts 304 1ms
[2026-02-03T19:07:48.642Z] GET /alerts 304 1ms
[2026-02-03T19:07:48.645Z] GET /alerts 304 2ms
[2026-02-03T19:07:48.646Z] GET /alerts/subscriptions 200 2ms
[2026-02-03T19:07:48.682Z] GET /alerts 304 37ms
[2026-02-03T19:07:48.684Z] GET /alerts/subscriptions 304 37ms
[2026-02-03T19:07:49.778Z] GET /alerts 304 2ms
[2026-02-03T19:07:49.780Z] GET /monitoring/stats 200 3ms
[2026-02-03T19:07:49.780Z] GET /alerts 304 1ms
[2026-02-03T19:07:49.783Z] GET /monitoring/stats 200 2ms
[2026-02-03T19:07:50.338Z] GET /alerts/subscriptions 304 1ms
[2026-02-03T19:07:50.338Z] GET /alerts 304 2ms
[2026-02-03T19:07:50.341Z] GET /alerts 304 2ms
[2026-02-03T19:07:50.342Z] GET /alerts/subscriptions 304 2ms
[2026-02-03T19:07:50.343Z] GET /alerts 304 1ms
[2026-02-03T19:07:50.345Z] GET /alerts 304 1ms
[2026-02-03T19:08:20.799Z] GET /monitoring/stats 200 37ms
[2026-02-03T19:08:20.835Z] GET /monitoring/stats 200 35ms
[2026-02-03T19:09:20.808Z] GET /monitoring/stats 200 34ms
[2026-02-03T19:09:20.843Z] GET /monitoring/stats 200 35ms
[2026-02-03T19:09:44.143Z] GET /auth/profile 200 2ms
[2026-02-03T19:09:44.179Z] GET /monitoring/stats 200 1ms
[2026-02-03T19:09:44.182Z] GET /monitoring/stats 200 2ms
[2026-02-03T19:09:44.191Z] GET /auth/profile 304 47ms
[2026-02-03T19:09:44.226Z] GET /alerts 304 44ms
[2026-02-03T19:09:44.229Z] GET /alerts 304 2ms
[2026-02-03T19:09:44.230Z] GET /alerts 304 1ms
[2026-02-03T19:09:45.398Z] GET /monitoring/stats 200 3ms
[2026-02-03T19:09:45.568Z] GET /auth/profile 304 2ms
[2026-02-03T19:09:45.580Z] GET /auth/profile 304 2ms
[2026-02-03T19:09:45.611Z] GET /alerts 304 1ms
[2026-02-03T19:09:45.612Z] GET /monitoring/stats 200 2ms
[2026-02-03T19:09:45.613Z] GET /alerts 304 1ms
[2026-02-03T19:09:45.615Z] GET /monitoring/stats 200 1ms
[2026-02-06T12:53:50.145Z] POST /auth/register 201 266ms
[2026-02-06T12:53:50.241Z] POST /auth/login 200 92ms
[2026-02-06T12:53:50.250Z] PUT /auth/profile 200 7ms
[2026-02-06T12:53:50.609Z] GET /news/search?q=tecnologia 200 357ms
[2026-02-06T12:53:50.613Z] PUT /auth/profile 200 2ms
[2026-02-06T12:53:50.942Z] GET /news/search?q=technology 200 328ms
[2026-02-06T13:00:34.719Z] GET /auth/profile 403 4ms
[2026-02-06T13:00:34.722Z] GET /auth/profile 403 1ms
[2026-02-06T13:00:34.785Z] GET /lists 401 1ms
[2026-02-06T13:00:34.791Z] GET /lists 401 0ms
[2026-02-06T13:00:38.972Z] POST /auth/login 200 56ms
[2026-02-06T13:00:38.978Z] GET /auth/profile 200 2ms
[2026-02-06T13:00:39.052Z] GET /alerts 304 35ms
[2026-02-06T13:00:39.053Z] GET /lists 200 35ms
[2026-02-06T13:00:39.057Z] GET /lists 304 2ms
[2026-02-06T13:00:39.089Z] GET /alerts 304 37ms
[2026-02-06T13:00:41.197Z] GET /alerts 304 1ms
[2026-02-06T13:00:41.200Z] GET /alerts 304 2ms
[2026-02-06T13:00:45.106Z] PUT /auth/profile 200 39ms
[2026-02-06T13:00:45.121Z] GET /alerts 304 1ms
[2026-02-06T13:00:47.464Z] GET /alerts 304 2ms
[2026-02-06T13:00:47.467Z] GET /alerts 304 2ms
[2026-02-06T13:00:47.469Z] GET /lists 304 1ms
[2026-02-06T13:00:47.503Z] GET /lists 304 34ms
[2026-02-06T13:00:51.022Z] GET /news/search?q=tecnologia 200 521ms
[2026-02-06T13:01:01.511Z] GET /alerts 304 37ms
[2026-02-06T13:01:01.514Z] GET /lists 304 39ms
[2026-02-06T13:01:01.517Z] GET /lists 304 2ms
[2026-02-06T13:01:01.549Z] GET /alerts 304 37ms
[2026-02-06T13:01:02.563Z] GET /alerts 304 2ms
[2026-02-06T13:01:02.565Z] GET /alerts 304 1ms
[2026-02-06T13:01:02.566Z] GET /alerts 304 1ms
[2026-02-06T13:01:02.574Z] GET /alerts/subscriptions 200 1ms
[2026-02-06T13:01:02.575Z] GET /alerts 304 2ms
[2026-02-06T13:01:02.576Z] GET /alerts/subscriptions 304 1ms
[2026-02-06T13:01:08.830Z] GET /alerts 304 1ms
[2026-02-06T13:01:08.831Z] GET /lists 304 2ms
[2026-02-06T13:01:08.833Z] GET /alerts 304 2ms
[2026-02-06T13:01:08.865Z] GET /lists 304 33ms
[2026-02-06T13:01:12.199Z] GET /news/search?q=deportes 200 257ms
[2026-02-06T13:01:13.703Z] GET /alerts 304 2ms
[2026-02-06T13:01:13.705Z] GET /alerts 304 2ms
[2026-02-06T13:01:13.705Z] GET /alerts/subscriptions 304 1ms
[2026-02-06T13:01:13.707Z] GET /alerts 304 1ms
[2026-02-06T13:01:13.708Z] GET /alerts/subscriptions 304 2ms
[2026-02-06T13:01:13.745Z] GET /alerts 304 37ms
[2026-02-06T13:01:16.426Z] GET /auth/profile 200 1ms
[2026-02-06T13:01:16.428Z] GET /auth/profile 304 1ms
[2026-02-06T13:01:16.456Z] GET /alerts/subscriptions 304 2ms
[2026-02-06T13:01:16.459Z] GET /alerts/subscriptions 304 1ms
[2026-02-06T13:01:16.465Z] GET /alerts 304 2ms
[2026-02-06T13:01:16.466Z] GET /alerts 304 1ms
[2026-02-06T13:01:16.468Z] GET /alerts 304 1ms
[2026-02-06T13:01:16.469Z] GET /alerts 304 1ms
[2026-02-06T13:01:16.471Z] GET /alerts 304 1ms
[2026-02-06T13:01:19.189Z] GET /alerts 304 2ms
[2026-02-06T13:01:19.191Z] GET /alerts 304 1ms
[2026-02-06T13:01:19.193Z] GET /lists 304 2ms
[2026-02-06T13:01:19.195Z] GET /lists 304 1ms
[2026-02-06T13:01:20.326Z] GET /alerts 304 1ms
[2026-02-06T13:01:20.327Z] GET /lists 304 2ms
[2026-02-06T13:01:20.328Z] GET /alerts 304 1ms
[2026-02-06T13:01:20.329Z] GET /lists 304 2ms
[2026-02-06T13:01:21.109Z] GET /alerts 304 2ms
[2026-02-06T13:01:21.110Z] GET /alerts 304 1ms
[2026-02-06T13:01:21.112Z] GET /alerts 304 1ms
[2026-02-06T13:01:21.112Z] GET /alerts/subscriptions 304 1ms
[2026-02-06T13:01:21.114Z] GET /alerts 304 2ms
[2026-02-06T13:01:21.114Z] GET /alerts/subscriptions 304 1ms
[2026-02-06T13:01:21.676Z] GET /lists 304 0ms
[2026-02-06T13:01:21.677Z] GET /lists 304 0ms
[2026-02-06T13:01:21.679Z] GET /alerts 304 1ms
[2026-02-06T13:01:21.680Z] GET /alerts 304 1ms
[2026-02-06T13:01:22.196Z] GET /alerts 304 1ms
[2026-02-06T13:01:22.197Z] GET /alerts/subscriptions 304 2ms
[2026-02-06T13:01:22.198Z] GET /alerts 304 1ms
[2026-02-06T13:01:22.199Z] GET /alerts/subscriptions 304 1ms
[2026-02-06T13:01:22.201Z] GET /alerts 304 1ms
[2026-02-06T13:01:22.203Z] GET /alerts 304 1ms
[2026-02-06T13:01:23.275Z] GET /alerts 304 2ms
[2026-02-06T13:01:23.275Z] GET /lists 304 1ms
[2026-02-06T13:01:23.277Z] GET /alerts 304 1ms
[2026-02-06T13:01:23.277Z] GET /lists 304 1ms
[2026-02-06T13:01:24.465Z] GET /alerts 304 2ms
[2026-02-06T13:01:24.467Z] GET /alerts 304 1ms
[2026-02-06T13:01:24.468Z] GET /lists 304 1ms
[2026-02-06T13:01:24.470Z] GET /lists 304 1ms
[2026-02-06T13:01:25.628Z] GET /alerts 304 1ms
[2026-02-06T13:01:25.629Z] GET /lists 304 1ms
[2026-02-06T13:01:25.630Z] GET /alerts 304 1ms
[2026-02-06T13:01:25.631Z] GET /lists 304 1ms
[2026-02-18T15:12:06.179Z] GET /auth/profile 403 10ms
[2026-02-18T15:12:06.189Z] GET /auth/profile 403 1ms
[2026-02-18T15:12:06.282Z] GET /lists 401 1ms
[2026-02-18T15:12:06.295Z] GET /lists 401 5ms
[2026-02-18T15:12:37.751Z] HEAD / 404 2ms
[2026-02-18T15:12:37.753Z] GET / 404 1ms
[2026-02-18T15:12:49.336Z] POST /auth/register 201 117ms
[2026-02-18T15:13:13.913Z] POST /auth/login 200 108ms
[2026-02-18T15:13:13.923Z] GET /auth/profile 200 3ms
[2026-02-18T15:13:14.006Z] GET /alerts 200 14ms
[2026-02-18T15:13:14.048Z] GET /lists 200 54ms
[2026-02-18T15:13:14.051Z] GET /lists 304 2ms
[2026-02-18T15:13:14.058Z] GET /alerts 304 50ms
[2026-02-18T15:13:30.611Z] GET /news/search?q=tecnologia 200 404ms
[2026-02-18T15:13:40.709Z] GET /news/search?q=futbol 200 274ms
[2026-02-18T15:13:41.836Z] GET /alerts 304 3ms
[2026-02-18T15:13:41.870Z] GET /lists 304 36ms
[2026-02-18T15:13:41.872Z] GET /alerts 304 35ms
[2026-02-18T15:13:41.873Z] GET /lists 304 2ms
[2026-02-18T15:14:02.254Z] GET /alerts 304 49ms
[2026-02-18T15:14:02.256Z] GET /alerts/subscriptions 200 50ms
[2026-02-18T15:14:02.301Z] GET /alerts 304 45ms
[2026-02-18T15:14:02.302Z] GET /alerts/subscriptions 304 45ms
[2026-02-18T15:14:02.305Z] GET /alerts 304 2ms
[2026-02-18T15:14:02.307Z] GET /alerts 304 1ms
[2026-02-18T15:14:04.108Z] GET /alerts 304 5ms
[2026-02-18T15:14:04.110Z] GET /alerts 304 1ms
[2026-02-18T15:14:04.118Z] GET /lists 304 3ms
[2026-02-18T15:14:04.122Z] GET /lists 304 3ms
[2026-02-18T15:14:06.331Z] GET /alerts 304 1ms
[2026-02-18T15:14:06.333Z] GET /alerts 304 1ms
[2026-02-18T15:14:06.350Z] GET /monitoring/stats 200 12ms
[2026-02-18T15:14:06.353Z] GET /monitoring/stats 200 2ms
[2026-02-18T15:14:20.203Z] GET /alerts 304 39ms
[2026-02-18T15:14:20.244Z] GET /alerts 304 40ms
[2026-02-18T15:14:28.713Z] PUT /auth/profile 200 8ms
[2026-02-18T15:14:28.729Z] GET /alerts 304 2ms
[2026-02-18T15:14:30.132Z] GET /alerts 304 2ms
[2026-02-18T15:14:30.135Z] GET /alerts 304 2ms
[2026-02-18T15:14:30.138Z] GET /lists 304 2ms
[2026-02-18T15:14:30.173Z] GET /lists 304 34ms
[2026-02-18T15:14:33.106Z] GET /news/search?q=tecnologia 200 311ms
[2026-02-18T15:14:44.907Z] GET /alerts 304 44ms
[2026-02-18T15:14:44.907Z] GET /alerts/subscriptions 304 43ms
[2026-02-18T15:14:44.953Z] GET /alerts 304 45ms
[2026-02-18T15:14:44.954Z] GET /alerts/subscriptions 304 45ms
[2026-02-18T15:14:44.956Z] GET /alerts 304 1ms
[2026-02-18T15:14:44.959Z] GET /alerts 304 2ms
[2026-02-18T15:14:46.068Z] GET /alerts 304 1ms
[2026-02-18T15:14:46.070Z] GET /alerts 304 1ms
[2026-02-18T15:14:46.073Z] GET /lists 304 2ms
[2026-02-18T15:14:46.076Z] GET /lists 304 2ms
[2026-02-18T15:14:49.162Z] GET /news/search?q=comparsa 200 392ms
[2026-02-18T15:14:57.790Z] GET /news/search?q=iiiii 200 338ms
[2026-02-18T15:14:58.905Z] POST /alerts 200 26ms
[2026-02-18T15:15:00.886Z] GET /alerts 200 2ms
[2026-02-18T15:15:00.889Z] GET /alerts 304 1ms
[2026-02-18T15:15:00.927Z] GET /lists 304 34ms
[2026-02-18T15:15:00.928Z] GET /lists 304 0ms
[2026-02-18T15:15:01.265Z] GET /alerts 304 1ms
[2026-02-18T15:15:01.271Z] GET /alerts 304 3ms
[2026-02-18T15:15:01.274Z] GET /alerts/subscriptions 200 3ms
[2026-02-18T15:15:01.322Z] GET /alerts 304 50ms
[2026-02-18T15:15:01.324Z] GET /alerts 304 1ms
[2026-02-18T15:15:01.328Z] GET /alerts/subscriptions 304 52ms
[2026-02-18T15:15:08.392Z] GET /lists 304 1ms
[2026-02-18T15:15:08.392Z] GET /alerts 304 2ms
[2026-02-18T15:15:08.395Z] GET /lists 304 2ms
[2026-02-18T15:15:08.396Z] GET /alerts 304 2ms
