[2026-01-29T16:10:01.926Z] ERROR: GET /lists 401 5ms
[2026-01-29T16:10:01.936Z] ERROR: GET /lists 401 1ms
[2026-01-29T16:13:25.941Z] ERROR: GET /monitoring/stats 500 39ms
[2026-01-29T16:13:25.985Z] ERROR: GET /monitoring/stats 500 43ms
[2026-01-29T16:14:13.038Z] ERROR: GET /monitoring/stats 500 36ms
[2026-01-29T16:14:13.083Z] ERROR: GET /monitoring/stats 500 43ms
[2026-01-29T16:14:46.326Z] ERROR: GET /monitoring/stats 500 36ms
[2026-01-29T16:14:46.372Z] ERROR: GET /monitoring/stats 500 44ms
[2026-01-29T16:15:04.996Z] ERROR: GET /monitoring/stats 500 38ms
[2026-01-29T16:15:05.037Z] ERROR: GET /monitoring/stats 500 39ms
[2026-01-29T16:16:07.014Z] ERROR: GET /monitoring/stats 500 42ms
[2026-01-29T16:16:07.054Z] ERROR: GET /monitoring/stats 500 39ms
[2026-02-03T18:02:50.574Z] ERROR: GET /auth/profile 403 8ms
[2026-02-03T18:02:50.582Z] ERROR: GET /auth/profile 403 2ms
[2026-02-03T18:02:50.629Z] ERROR: GET /lists 401 1ms
[2026-02-03T18:02:50.632Z] ERROR: GET /lists 401 1ms
[2026-02-03T18:49:56.587Z] ERROR: GET /lists 401 5ms
[2026-02-03T18:49:56.597Z] ERROR: GET /lists 401 1ms
[2026-02-03T18:50:49.525Z] ERROR: GET /monitoring/stats 500 135ms
[2026-02-03T18:50:49.563Z] ERROR: GET /monitoring/stats 500 37ms
[2026-02-03T18:51:27.375Z] ERROR: GET /monitoring/stats 500 137ms
[2026-02-03T18:51:27.417Z] ERROR: GET /monitoring/stats 500 42ms
[2026-02-06T13:00:34.720Z] ERROR: GET /auth/profile 403 4ms
[2026-02-06T13:00:34.722Z] ERROR: GET /auth/profile 403 1ms
[2026-02-06T13:00:34.785Z] ERROR: GET /lists 401 1ms
[2026-02-06T13:00:34.791Z] ERROR: GET /lists 401 0ms
[2026-02-18T15:12:06.180Z] ERROR: GET /auth/profile 403 10ms
[2026-02-18T15:12:06.189Z] ERROR: GET /auth/profile 403 1ms
[2026-02-18T15:12:06.282Z] ERROR: GET /lists 401 1ms
[2026-02-18T15:12:06.295Z] ERROR: GET /lists 401 5ms
[2026-02-18T15:12:37.751Z] ERROR: HEAD / 404 2ms
[2026-02-18T15:12:37.753Z] ERROR: GET / 404 1ms
